<?xml version="1.0" encoding="UTF-8"?>
<!-- Generated by org.testng.reporters.JUnitReportReporter -->
<testsuite hostname="DESKTOP-1CCS179" failures="0" tests="1" name="com.ds.testLayer.LoginPageTest" time="37.501" errors="0" timestamp="2023-02-02T19:27:12 IST" skipped="0">
  <testcase classname="com.ds.testLayer.LoginPageTest" name="verifyLoginWithCorrectCred" time="37.501"/>
  <system-out/>
</testsuite> <!-- com.ds.testLayer.LoginPageTest -->
