<?xml version="1.0" encoding="UTF-8"?>
<!-- Generated by org.testng.reporters.JUnitReportReporter -->
<testsuite hostname="DESKTOP-1CCS179" failures="0" tests="1" name="com.ds.testLayer.LogoutFunctionality" time="17.745" errors="0" timestamp="2023-02-02T19:27:13 IST" skipped="0">
  <testcase classname="com.ds.testLayer.LogoutFunctionality" name="verifyLogoutFunctionality" time="17.745"/>
  <system-out/>
</testsuite> <!-- com.ds.testLayer.LogoutFunctionality -->
